<?xml version="1.0" encoding="UTF-8"?>
<!-- Generated by org.testng.reporters.JUnitReportReporter -->
<testsuite hostname="Prems-MacBook-Pro.local" failures="0" tests="4" name="com.testng.NewTest" time="16.369" errors="0" timestamp="2022-10-01T17:32:22 IST" skipped="0">
  <testcase classname="com.testng.NewTest" name="ValidateLoginScript" time="4.509"/>
  <system-out/>
  <testcase classname="com.testng.NewTest" name="addDetailToRegisterForm" time="2.428"/>
  <system-out/>
  <testcase classname="com.testng.NewTest" name="addToCart" time="2.982"/>
  <system-out/>
  <testcase classname="com.testng.NewTest" name="addDetailsToLoginForm" time="6.450"/>
  <system-out/>
</testsuite> <!-- com.testng.NewTest -->
